<?xml version="1.0" encoding="UTF-8"?>
<testsuite xmlns:xsi="http://www.w3.org/2001/XMLSchema-instance" xsi:noNamespaceSchemaLocation="https://maven.apache.org/surefire/maven-surefire-plugin/xsd/surefire-test-report-3.0.xsd" version="3.0" name="io.axoniq.demo.bikerental.coreapi.AppTest" time="0.021" tests="1" errors="0" skipped="0" failures="0">
  <properties>
    <property name="java.specification.version" value="21"/>
    <property name="sun.cpu.isalist" value="amd64"/>
    <property name="sun.jnu.encoding" value="MS932"/>
    <property name="java.class.path" value="C:\Users\PC202411-1\IdeaProjects\bike-rental-quick-start\app\bike-rental\core-api\target\test-classes;C:\Users\PC202411-1\IdeaProjects\bike-rental-quick-start\app\bike-rental\core-api\target\classes;C:\Users\PC202411-1\.m2\repository\junit\junit\3.8.1\junit-3.8.1.jar;"/>
    <property name="java.vm.vendor" value="Amazon.com Inc."/>
    <property name="sun.arch.data.model" value="64"/>
    <property name="user.variant" value=""/>
    <property name="java.vendor.url" value="https://aws.amazon.com/corretto/"/>
    <property name="user.timezone" value="Asia/Tokyo"/>
    <property name="os.name" value="Windows 11"/>
    <property name="java.vm.specification.version" value="21"/>
    <property name="sun.java.launcher" value="SUN_STANDARD"/>
    <property name="user.country" value="JP"/>
    <property name="sun.boot.library.path" value="C:\Users\PC202411-1\.jdks\corretto-21.0.5\bin"/>
    <property name="sun.java.command" value="C:\Users\PC202411-1\AppData\Local\Temp\surefire9416289621401006155\surefirebooter-20241126160151659_3.jar C:\Users\PC202411-1\AppData\Local\Temp\surefire9416289621401006155 2024-11-26T16-01-51_586-jvmRun1 surefire-20241126160151659_1tmp surefire_0-20241126160151659_2tmp"/>
    <property name="jdk.debug" value="release"/>
    <property name="surefire.test.class.path" value="C:\Users\PC202411-1\IdeaProjects\bike-rental-quick-start\app\bike-rental\core-api\target\test-classes;C:\Users\PC202411-1\IdeaProjects\bike-rental-quick-start\app\bike-rental\core-api\target\classes;C:\Users\PC202411-1\.m2\repository\junit\junit\3.8.1\junit-3.8.1.jar;"/>
    <property name="sun.cpu.endian" value="little"/>
    <property name="user.home" value="C:\Users\PC202411-1"/>
    <property name="user.language" value="ja"/>
    <property name="java.specification.vendor" value="Oracle Corporation"/>
    <property name="java.version.date" value="2024-10-15"/>
    <property name="java.home" value="C:\Users\PC202411-1\.jdks\corretto-21.0.5"/>
    <property name="file.separator" value="\"/>
    <property name="basedir" value="C:\Users\PC202411-1\IdeaProjects\bike-rental-quick-start\app\bike-rental\core-api"/>
    <property name="java.vm.compressedOopsMode" value="Zero based"/>
    <property name="line.separator" value="&#10;"/>
    <property name="java.vm.specification.vendor" value="Oracle Corporation"/>
    <property name="java.specification.name" value="Java Platform API Specification"/>
    <property name="surefire.real.class.path" value="C:\Users\PC202411-1\AppData\Local\Temp\surefire9416289621401006155\surefirebooter-20241126160151659_3.jar"/>
    <property name="user.script" value=""/>
    <property name="sun.management.compiler" value="HotSpot 64-Bit Tiered Compilers"/>
    <property name="java.runtime.version" value="21.0.5+11-LTS"/>
    <property name="user.name" value="PC202411-1"/>
    <property name="stdout.encoding" value="MS932"/>
    <property name="path.separator" value=";"/>
    <property name="os.version" value="10.0"/>
    <property name="java.runtime.name" value="OpenJDK Runtime Environment"/>
    <property name="file.encoding" value="UTF-8"/>
    <property name="java.vm.name" value="OpenJDK 64-Bit Server VM"/>
    <property name="java.vendor.version" value="Corretto-21.0.5.11.1"/>
    <property name="localRepository" value="C:\Users\PC202411-1\.m2\repository"/>
    <property name="java.vendor.url.bug" value="https://github.com/corretto/corretto-21/issues/"/>
    <property name="java.io.tmpdir" value="C:\Users\PC2024~1\AppData\Local\Temp\"/>
    <property name="idea.version" value="2024.2.4"/>
    <property name="java.version" value="21.0.5"/>
    <property name="user.dir" value="C:\Users\PC202411-1\IdeaProjects\bike-rental-quick-start\app\bike-rental\core-api"/>
    <property name="os.arch" value="amd64"/>
    <property name="java.vm.specification.name" value="Java Virtual Machine Specification"/>
    <property name="sun.os.patch.level" value=""/>
    <property name="native.encoding" value="MS932"/>
    <property name="java.library.path" value="C:\Users\PC202411-1\.jdks\corretto-21.0.5\bin;C:\Windows\Sun\Java\bin;C:\Windows\system32;C:\Windows;C:\Windows\system32;C:\Windows;C:\Windows\System32\Wbem;C:\Windows\System32\WindowsPowerShell\v1.0\;C:\Windows\System32\OpenSSH\;C:\Program Files\PowerShell\7\;C:\Program Files\Docker\Docker\resources\bin;C:\Users\PC202411-1\scoop\apps\maven\current\bin;C:\Users\PC202411-1\scoop\apps\vscode\current\bin;C:\Users\PC202411-1\go\bin;C:\Users\PC202411-1\scoop\apps\openjdk\current\bin;C:\Users\PC202411-1\scoop\apps\nvm\current;C:\Users\PC202411-1\scoop\apps\nvm\current\nodejs\nodejs;C:\Users\PC202411-1\scoop\shims;C:\Users\PC202411-1\AppData\Local\Microsoft\WindowsApps;C:\Users\PC202411-1\AppData\Local\JetBrains\Toolbox\scripts;."/>
    <property name="java.vm.info" value="mixed mode, sharing"/>
    <property name="stderr.encoding" value="MS932"/>
    <property name="java.vendor" value="Amazon.com Inc."/>
    <property name="java.vm.version" value="21.0.5+11-LTS"/>
    <property name="sun.io.unicode.encoding" value="UnicodeLittle"/>
    <property name="java.class.version" value="65.0"/>
  </properties>
  <testcase name="testApp" classname="io.axoniq.demo.bikerental.coreapi.AppTest" time="0.004"/>
</testsuite>